2018-07-30 15:13:08,868 [Worker-5] INFO  c.g.t.t.d.PublishedGradleVersions - Gradle version information cache is out-of-date. Trying to update.
2018-07-30 15:17:26,772 [Worker-3] INFO  o.e.m.c.i.l.LifecycleMappingFactory - Using org.eclipse.m2e.jdt.JarLifecycleMapping lifecycle mapping for MavenProject: com.pratice:java8Examples:0.0.1-SNAPSHOT @ /Users/sunilrao/Workspace/EclipseWorkspace/JavaWorkSpace/SampleWorkSpace_Common/SamplePrograms/java8Examples/pom.xml.
2018-07-30 15:17:26,933 [Worker-3] INFO  o.e.m.j.i.AbstractJavaProjectConfigurator - Adding source folder /java8Examples/src/main/java
2018-07-30 15:17:26,933 [Worker-3] INFO  o.e.m.j.i.AbstractJavaProjectConfigurator - Adding source folder /java8Examples/src/test/java
2018-07-30 15:17:27,158 [Worker-3] INFO  o.e.m.c.i.p.ProjectConfigurationManager - Imported and configured 1 project(s) in 1 sec
2018-07-30 15:17:27,544 [Worker-3] INFO  o.e.m.c.i.embedder.EclipseLogger - Using 'UTF-8' encoding to copy filtered resources.
2018-07-30 15:17:27,544 [Worker-3] INFO  o.e.m.c.i.embedder.EclipseLogger - skip non existing resourceDirectory /Users/sunilrao/Workspace/EclipseWorkspace/JavaWorkSpace/SampleWorkSpace_Common/SamplePrograms/java8Examples/src/main/resources
2018-07-30 15:17:27,546 [Worker-3] INFO  o.e.m.c.i.embedder.EclipseLogger - Using 'UTF-8' encoding to copy filtered resources.
2018-07-30 15:17:27,547 [Worker-3] INFO  o.e.m.c.i.embedder.EclipseLogger - skip non existing resourceDirectory /Users/sunilrao/Workspace/EclipseWorkspace/JavaWorkSpace/SampleWorkSpace_Common/SamplePrograms/java8Examples/src/test/resources
2018-07-30 15:17:52,387 [Worker-2] INFO  o.e.m.c.i.embedder.EclipseLogger - Using 'UTF-8' encoding to copy filtered resources.
2018-07-30 15:17:52,388 [Worker-2] INFO  o.e.m.c.i.embedder.EclipseLogger - skip non existing resourceDirectory /Users/sunilrao/Workspace/EclipseWorkspace/JavaWorkSpace/SampleWorkSpace_Common/SamplePrograms/java8Examples/src/main/resources
2018-07-30 15:17:52,390 [Worker-2] INFO  o.e.m.c.i.embedder.EclipseLogger - Using 'UTF-8' encoding to copy filtered resources.
2018-07-30 15:17:52,390 [Worker-2] INFO  o.e.m.c.i.embedder.EclipseLogger - skip non existing resourceDirectory /Users/sunilrao/Workspace/EclipseWorkspace/JavaWorkSpace/SampleWorkSpace_Common/SamplePrograms/java8Examples/src/test/resources
2018-07-30 15:17:58,197 [Worker-2] INFO  o.e.m.c.i.embedder.EclipseLogger - Using 'UTF-8' encoding to copy filtered resources.
2018-07-30 15:17:58,198 [Worker-2] INFO  o.e.m.c.i.embedder.EclipseLogger - skip non existing resourceDirectory /Users/sunilrao/Workspace/EclipseWorkspace/JavaWorkSpace/SampleWorkSpace_Common/SamplePrograms/java8Examples/src/main/resources
2018-07-30 15:17:58,199 [Worker-2] INFO  o.e.m.c.i.embedder.EclipseLogger - Using 'UTF-8' encoding to copy filtered resources.
2018-07-30 15:17:58,199 [Worker-2] INFO  o.e.m.c.i.embedder.EclipseLogger - skip non existing resourceDirectory /Users/sunilrao/Workspace/EclipseWorkspace/JavaWorkSpace/SampleWorkSpace_Common/SamplePrograms/java8Examples/src/test/resources
2018-07-30 15:18:20,477 [Worker-16] INFO  o.e.m.c.i.embedder.EclipseLogger - Using 'UTF-8' encoding to copy filtered resources.
2018-07-30 15:18:20,477 [Worker-16] INFO  o.e.m.c.i.embedder.EclipseLogger - skip non existing resourceDirectory /Users/sunilrao/Workspace/EclipseWorkspace/JavaWorkSpace/SampleWorkSpace_Common/SamplePrograms/java8Examples/src/main/resources
2018-07-30 15:18:20,478 [Worker-16] INFO  o.e.m.c.i.embedder.EclipseLogger - Using 'UTF-8' encoding to copy filtered resources.
2018-07-30 15:18:20,479 [Worker-16] INFO  o.e.m.c.i.embedder.EclipseLogger - skip non existing resourceDirectory /Users/sunilrao/Workspace/EclipseWorkspace/JavaWorkSpace/SampleWorkSpace_Common/SamplePrograms/java8Examples/src/test/resources
2018-07-30 15:19:09,845 [Worker-10] INFO  o.e.m.c.i.l.LifecycleMappingFactory - Using org.eclipse.m2e.jdt.JarLifecycleMapping lifecycle mapping for MavenProject: com.pratice:MOCKITO:0.0.1-SNAPSHOT @ /Users/sunilrao/Workspace/EclipseWorkspace/JavaWorkSpace/SampleWorkSpace_Common/SamplePrograms/MOCKITO/pom.xml.
2018-07-30 15:19:09,898 [Worker-10] INFO  o.e.m.j.i.AbstractJavaProjectConfigurator - Adding source folder /MOCKITO/src/main/java
2018-07-30 15:19:09,899 [Worker-10] INFO  o.e.m.j.i.AbstractJavaProjectConfigurator - Adding source folder /MOCKITO/src/test/java
2018-07-30 15:19:09,926 [Worker-10] INFO  o.e.m.c.i.p.ProjectConfigurationManager - Imported and configured 1 project(s) in 0 sec
2018-07-30 15:19:10,264 [Worker-10] INFO  o.e.m.c.i.embedder.EclipseLogger - Using 'UTF-8' encoding to copy filtered resources.
2018-07-30 15:19:10,264 [Worker-10] INFO  o.e.m.c.i.embedder.EclipseLogger - skip non existing resourceDirectory /Users/sunilrao/Workspace/EclipseWorkspace/JavaWorkSpace/SampleWorkSpace_Common/SamplePrograms/MOCKITO/src/main/resources
2018-07-30 15:19:10,265 [Worker-10] INFO  o.e.m.c.i.embedder.EclipseLogger - Using 'UTF-8' encoding to copy filtered resources.
2018-07-30 15:19:10,265 [Worker-10] INFO  o.e.m.c.i.embedder.EclipseLogger - skip non existing resourceDirectory /Users/sunilrao/Workspace/EclipseWorkspace/JavaWorkSpace/SampleWorkSpace_Common/SamplePrograms/MOCKITO/src/test/resources
2018-07-30 15:19:11,305 [Worker-14] INFO  o.e.m.c.i.embedder.EclipseLogger - Using 'UTF-8' encoding to copy filtered resources.
2018-07-30 15:19:11,305 [Worker-14] INFO  o.e.m.c.i.embedder.EclipseLogger - skip non existing resourceDirectory /Users/sunilrao/Workspace/EclipseWorkspace/JavaWorkSpace/SampleWorkSpace_Common/SamplePrograms/MOCKITO/src/main/resources
2018-07-30 15:19:11,306 [Worker-14] INFO  o.e.m.c.i.embedder.EclipseLogger - Using 'UTF-8' encoding to copy filtered resources.
2018-07-30 15:19:11,307 [Worker-14] INFO  o.e.m.c.i.embedder.EclipseLogger - skip non existing resourceDirectory /Users/sunilrao/Workspace/EclipseWorkspace/JavaWorkSpace/SampleWorkSpace_Common/SamplePrograms/MOCKITO/src/test/resources
2018-07-30 15:20:48,816 [Worker-11] INFO  o.e.m.c.i.l.LifecycleMappingFactory - Using org.eclipse.m2e.jdt.JarLifecycleMapping lifecycle mapping for MavenProject: com.org:POMPageFactory:0.0.1-SNAPSHOT @ /Users/sunilrao/Workspace/EclipseWorkspace/JavaWorkSpace/SampleWorkSpace_Common/SamplePrograms/POMPageFactory/pom.xml.
2018-07-30 15:20:49,490 [Worker-11] INFO  o.e.m.j.i.AbstractJavaProjectConfigurator - Adding source folder /POMPageFactory/src/main/java
2018-07-30 15:20:49,491 [Worker-11] INFO  o.e.m.j.i.AbstractJavaProjectConfigurator - Adding source folder /POMPageFactory/src/test/java
2018-07-30 15:20:49,548 [Worker-11] INFO  o.e.m.c.i.p.ProjectConfigurationManager - Imported and configured 1 project(s) in 0 sec
2018-07-30 15:20:50,320 [Worker-11] INFO  o.e.m.c.i.embedder.EclipseLogger - Using 'UTF-8' encoding to copy filtered resources.
2018-07-30 15:20:50,321 [Worker-11] INFO  o.e.m.c.i.embedder.EclipseLogger - skip non existing resourceDirectory /Users/sunilrao/Workspace/EclipseWorkspace/JavaWorkSpace/SampleWorkSpace_Common/SamplePrograms/POMPageFactory/src/main/resources
2018-07-30 15:20:50,322 [Worker-11] INFO  o.e.m.c.i.embedder.EclipseLogger - Using 'UTF-8' encoding to copy filtered resources.
2018-07-30 15:20:50,322 [Worker-11] INFO  o.e.m.c.i.embedder.EclipseLogger - skip non existing resourceDirectory /Users/sunilrao/Workspace/EclipseWorkspace/JavaWorkSpace/SampleWorkSpace_Common/SamplePrograms/POMPageFactory/src/test/resources
2018-07-30 15:21:16,937 [Worker-16] INFO  o.e.m.c.i.l.LifecycleMappingFactory - Using org.eclipse.m2e.jdt.JarLifecycleMapping lifecycle mapping for MavenProject: com.org:readingData:0.0.1-SNAPSHOT @ /Users/sunilrao/Workspace/EclipseWorkspace/JavaWorkSpace/SampleWorkSpace_Common/SamplePrograms/readingData/pom.xml.
2018-07-30 15:21:17,013 [Worker-16] INFO  o.e.m.j.i.AbstractJavaProjectConfigurator - Adding source folder /readingData/src/main/java
2018-07-30 15:21:17,013 [Worker-16] INFO  o.e.m.j.i.AbstractJavaProjectConfigurator - Adding source folder /readingData/src/test/java
2018-07-30 15:21:17,054 [Worker-16] INFO  o.e.m.c.i.p.ProjectConfigurationManager - Imported and configured 1 project(s) in 0 sec
2018-07-30 15:21:17,439 [Worker-3] INFO  o.e.m.c.i.embedder.EclipseLogger - Using 'UTF-8' encoding to copy filtered resources.
2018-07-30 15:21:17,440 [Worker-3] INFO  o.e.m.c.i.embedder.EclipseLogger - skip non existing resourceDirectory /Users/sunilrao/Workspace/EclipseWorkspace/JavaWorkSpace/SampleWorkSpace_Common/SamplePrograms/readingData/src/main/resources
2018-07-30 15:21:17,442 [Worker-3] INFO  o.e.m.c.i.embedder.EclipseLogger - Using 'UTF-8' encoding to copy filtered resources.
2018-07-30 15:21:17,443 [Worker-3] INFO  o.e.m.c.i.embedder.EclipseLogger - skip non existing resourceDirectory /Users/sunilrao/Workspace/EclipseWorkspace/JavaWorkSpace/SampleWorkSpace_Common/SamplePrograms/readingData/src/test/resources
2018-07-30 15:21:36,614 [Worker-17] INFO  o.e.m.c.i.l.LifecycleMappingFactory - Using org.eclipse.m2e.jdt.JarLifecycleMapping lifecycle mapping for MavenProject: com.org:RegularExpressions:0.0.1-SNAPSHOT @ /Users/sunilrao/Workspace/EclipseWorkspace/JavaWorkSpace/SampleWorkSpace_Common/SamplePrograms/RegularExpressions/pom.xml.
2018-07-30 15:21:36,648 [Worker-17] INFO  o.e.m.j.i.AbstractJavaProjectConfigurator - Adding source folder /RegularExpressions/src/main/java
2018-07-30 15:21:36,648 [Worker-17] INFO  o.e.m.j.i.AbstractJavaProjectConfigurator - Adding source folder /RegularExpressions/src/test/java
2018-07-30 15:21:36,670 [Worker-17] INFO  o.e.m.c.i.p.ProjectConfigurationManager - Imported and configured 1 project(s) in 0 sec
2018-07-30 15:21:37,003 [Worker-3] INFO  o.e.m.c.i.embedder.EclipseLogger - Using 'UTF-8' encoding to copy filtered resources.
2018-07-30 15:21:37,003 [Worker-3] INFO  o.e.m.c.i.embedder.EclipseLogger - skip non existing resourceDirectory /Users/sunilrao/Workspace/EclipseWorkspace/JavaWorkSpace/SampleWorkSpace_Common/SamplePrograms/RegularExpressions/src/main/resources
2018-07-30 15:21:37,004 [Worker-3] INFO  o.e.m.c.i.embedder.EclipseLogger - Using 'UTF-8' encoding to copy filtered resources.
2018-07-30 15:21:37,005 [Worker-3] INFO  o.e.m.c.i.embedder.EclipseLogger - skip non existing resourceDirectory /Users/sunilrao/Workspace/EclipseWorkspace/JavaWorkSpace/SampleWorkSpace_Common/SamplePrograms/RegularExpressions/src/test/resources
2018-07-30 15:21:38,039 [Worker-11] INFO  o.e.m.c.i.embedder.EclipseLogger - Using 'UTF-8' encoding to copy filtered resources.
2018-07-30 15:21:38,040 [Worker-11] INFO  o.e.m.c.i.embedder.EclipseLogger - skip non existing resourceDirectory /Users/sunilrao/Workspace/EclipseWorkspace/JavaWorkSpace/SampleWorkSpace_Common/SamplePrograms/RegularExpressions/src/main/resources
2018-07-30 15:21:38,041 [Worker-11] INFO  o.e.m.c.i.embedder.EclipseLogger - Using 'UTF-8' encoding to copy filtered resources.
2018-07-30 15:21:38,041 [Worker-11] INFO  o.e.m.c.i.embedder.EclipseLogger - skip non existing resourceDirectory /Users/sunilrao/Workspace/EclipseWorkspace/JavaWorkSpace/SampleWorkSpace_Common/SamplePrograms/RegularExpressions/src/test/resources
2018-07-30 15:21:59,615 [Worker-3] INFO  o.e.m.c.i.l.LifecycleMappingFactory - Using org.eclipse.m2e.jdt.JarLifecycleMapping lifecycle mapping for MavenProject: com.org:RestAssuredAPITesting:0.0.1-SNAPSHOT @ /Users/sunilrao/Workspace/EclipseWorkspace/JavaWorkSpace/SampleWorkSpace_Common/SamplePrograms/RestAssuredAPITesting/pom.xml.
2018-07-30 15:21:59,829 [Worker-3] INFO  o.e.m.j.i.AbstractJavaProjectConfigurator - Adding source folder /RestAssuredAPITesting/src/main/java
2018-07-30 15:21:59,830 [Worker-3] INFO  o.e.m.j.i.AbstractJavaProjectConfigurator - Adding source folder /RestAssuredAPITesting/src/test/java
2018-07-30 15:21:59,870 [Worker-3] INFO  o.e.m.c.i.p.ProjectConfigurationManager - Imported and configured 1 project(s) in 0 sec
2018-07-30 15:22:00,721 [Worker-11] INFO  o.e.m.c.i.embedder.EclipseLogger - Using 'UTF-8' encoding to copy filtered resources.
2018-07-30 15:22:00,721 [Worker-11] INFO  o.e.m.c.i.embedder.EclipseLogger - skip non existing resourceDirectory /Users/sunilrao/Workspace/EclipseWorkspace/JavaWorkSpace/SampleWorkSpace_Common/SamplePrograms/RestAssuredAPITesting/src/main/resources
2018-07-30 15:22:00,722 [Worker-11] INFO  o.e.m.c.i.embedder.EclipseLogger - Using 'UTF-8' encoding to copy filtered resources.
2018-07-30 15:22:00,722 [Worker-11] INFO  o.e.m.c.i.embedder.EclipseLogger - skip non existing resourceDirectory /Users/sunilrao/Workspace/EclipseWorkspace/JavaWorkSpace/SampleWorkSpace_Common/SamplePrograms/RestAssuredAPITesting/src/test/resources
2018-07-30 15:23:16,870 [Worker-3] INFO  o.e.m.c.i.l.LifecycleMappingFactory - Using org.eclipse.m2e.jdt.JarLifecycleMapping lifecycle mapping for MavenProject: com.selenium:Webdriver:0.0.1-SNAPSHOT @ /Users/sunilrao/Workspace/EclipseWorkspace/JavaWorkSpace/SampleWorkSpace_Common/SamplePrograms/Webdriver/pom.xml.
2018-07-30 15:23:17,104 [Worker-3] INFO  o.e.m.j.i.AbstractJavaProjectConfigurator - Adding source folder /Webdriver/src/main/java
2018-07-30 15:23:17,105 [Worker-3] INFO  o.e.m.j.i.AbstractJavaProjectConfigurator - Adding source folder /Webdriver/src/test/java
2018-07-30 15:23:17,146 [Worker-3] INFO  o.e.m.c.i.p.ProjectConfigurationManager - Imported and configured 1 project(s) in 0 sec
2018-07-30 15:23:17,736 [Worker-16] INFO  o.e.m.c.i.embedder.EclipseLogger - Using 'UTF-8' encoding to copy filtered resources.
2018-07-30 15:23:17,736 [Worker-16] INFO  o.e.m.c.i.embedder.EclipseLogger - skip non existing resourceDirectory /Users/sunilrao/Workspace/EclipseWorkspace/JavaWorkSpace/SampleWorkSpace_Common/SamplePrograms/Webdriver/src/main/resources
2018-07-30 15:23:17,737 [Worker-16] INFO  o.e.m.c.i.embedder.EclipseLogger - Using 'UTF-8' encoding to copy filtered resources.
2018-07-30 15:23:17,737 [Worker-16] INFO  o.e.m.c.i.embedder.EclipseLogger - skip non existing resourceDirectory /Users/sunilrao/Workspace/EclipseWorkspace/JavaWorkSpace/SampleWorkSpace_Common/SamplePrograms/Webdriver/src/test/resources
2018-07-30 15:23:49,137 [Worker-3] INFO  o.e.m.c.i.embedder.EclipseLogger - Using 'UTF-8' encoding to copy filtered resources.
2018-07-30 15:23:49,137 [Worker-3] INFO  o.e.m.c.i.embedder.EclipseLogger - skip non existing resourceDirectory /Users/sunilrao/Workspace/EclipseWorkspace/JavaWorkSpace/SampleWorkSpace_Common/SamplePrograms/Webdriver/src/main/resources
2018-07-30 15:23:49,138 [Worker-3] INFO  o.e.m.c.i.embedder.EclipseLogger - Using 'UTF-8' encoding to copy filtered resources.
2018-07-30 15:23:49,139 [Worker-3] INFO  o.e.m.c.i.embedder.EclipseLogger - skip non existing resourceDirectory /Users/sunilrao/Workspace/EclipseWorkspace/JavaWorkSpace/SampleWorkSpace_Common/SamplePrograms/Webdriver/src/test/resources
2018-07-30 15:27:02,956 [Worker-18] INFO  o.e.m.c.i.embedder.EclipseLogger - Using 'UTF-8' encoding to copy filtered resources.
2018-07-30 15:27:02,956 [Worker-18] INFO  o.e.m.c.i.embedder.EclipseLogger - skip non existing resourceDirectory /Users/sunilrao/Workspace/EclipseWorkspace/JavaWorkSpace/SampleWorkSpace_Common/SamplePrograms/RegularExpressions/src/main/resources
2018-07-30 15:27:02,957 [Worker-18] INFO  o.e.m.c.i.embedder.EclipseLogger - Using 'UTF-8' encoding to copy filtered resources.
2018-07-30 15:27:02,958 [Worker-18] INFO  o.e.m.c.i.embedder.EclipseLogger - skip non existing resourceDirectory /Users/sunilrao/Workspace/EclipseWorkspace/JavaWorkSpace/SampleWorkSpace_Common/SamplePrograms/RegularExpressions/src/test/resources
2018-07-30 15:27:40,669 [Worker-2] INFO  o.e.m.c.i.embedder.EclipseLogger - Using 'UTF-8' encoding to copy filtered resources.
2018-07-30 15:27:40,669 [Worker-2] INFO  o.e.m.c.i.embedder.EclipseLogger - skip non existing resourceDirectory /Users/sunilrao/Workspace/EclipseWorkspace/JavaWorkSpace/SampleWorkSpace_Common/SamplePrograms/java8Examples/src/main/resources
2018-07-30 15:27:40,670 [Worker-2] INFO  o.e.m.c.i.embedder.EclipseLogger - Using 'UTF-8' encoding to copy filtered resources.
2018-07-30 15:27:40,670 [Worker-2] INFO  o.e.m.c.i.embedder.EclipseLogger - skip non existing resourceDirectory /Users/sunilrao/Workspace/EclipseWorkspace/JavaWorkSpace/SampleWorkSpace_Common/SamplePrograms/java8Examples/src/test/resources
2018-07-30 17:06:41,265 [Worker-0] INFO  c.g.t.t.d.PublishedGradleVersions - Gradle version information cache is up-to-date. Trying to read.
2019-08-25 19:58:15,139 [Worker-1] INFO  c.g.t.t.d.PublishedGradleVersions - Gradle version information cache is up-to-date. Trying to read.
2019-08-25 19:58:16,713 [Worker-9] WARN  org.eclipse.jgit.util.FS - null
2019-08-25 19:58:21,760 [Worker-1] INFO  o.e.m.c.i.embedder.EclipseLogger - Using 'UTF-8' encoding to copy filtered resources.
2019-08-25 19:58:21,760 [Worker-1] INFO  o.e.m.c.i.embedder.EclipseLogger - skip non existing resourceDirectory /Users/sunilrao/Workspace/EclipseWorkspace/JavaWorkSpace/SampleWorkSpace_Common/SamplePrograms/MOCKITO/src/main/resources
2019-08-25 19:58:21,763 [Worker-1] INFO  o.e.m.c.i.embedder.EclipseLogger - Using 'UTF-8' encoding to copy filtered resources.
2019-08-25 19:58:21,763 [Worker-1] INFO  o.e.m.c.i.embedder.EclipseLogger - skip non existing resourceDirectory /Users/sunilrao/Workspace/EclipseWorkspace/JavaWorkSpace/SampleWorkSpace_Common/SamplePrograms/MOCKITO/src/test/resources
2019-08-25 19:58:22,485 [Worker-1] INFO  o.e.m.c.i.embedder.EclipseLogger - Using 'UTF-8' encoding to copy filtered resources.
2019-08-25 19:58:22,485 [Worker-1] INFO  o.e.m.c.i.embedder.EclipseLogger - skip non existing resourceDirectory /Users/sunilrao/Workspace/EclipseWorkspace/JavaWorkSpace/SampleWorkSpace_Common/SamplePrograms/POMPageFactory/src/main/resources
2019-08-25 19:58:22,486 [Worker-1] INFO  o.e.m.c.i.embedder.EclipseLogger - Using 'UTF-8' encoding to copy filtered resources.
2019-08-25 19:58:22,486 [Worker-1] INFO  o.e.m.c.i.embedder.EclipseLogger - skip non existing resourceDirectory /Users/sunilrao/Workspace/EclipseWorkspace/JavaWorkSpace/SampleWorkSpace_Common/SamplePrograms/POMPageFactory/src/test/resources
2019-08-25 19:58:22,566 [Worker-1] INFO  o.e.m.c.i.embedder.EclipseLogger - Using 'UTF-8' encoding to copy filtered resources.
2019-08-25 19:58:22,566 [Worker-1] INFO  o.e.m.c.i.embedder.EclipseLogger - skip non existing resourceDirectory /Users/sunilrao/Workspace/EclipseWorkspace/JavaWorkSpace/SampleWorkSpace_Common/SamplePrograms/RegularExpressions/src/main/resources
2019-08-25 19:58:22,568 [Worker-1] INFO  o.e.m.c.i.embedder.EclipseLogger - Using 'UTF-8' encoding to copy filtered resources.
2019-08-25 19:58:22,568 [Worker-1] INFO  o.e.m.c.i.embedder.EclipseLogger - skip non existing resourceDirectory /Users/sunilrao/Workspace/EclipseWorkspace/JavaWorkSpace/SampleWorkSpace_Common/SamplePrograms/RegularExpressions/src/test/resources
2019-08-25 19:58:23,323 [Worker-1] INFO  o.e.m.c.i.embedder.EclipseLogger - Using 'UTF-8' encoding to copy filtered resources.
2019-08-25 19:58:23,323 [Worker-1] INFO  o.e.m.c.i.embedder.EclipseLogger - skip non existing resourceDirectory /Users/sunilrao/Workspace/EclipseWorkspace/JavaWorkSpace/SampleWorkSpace_Common/SamplePrograms/RestAssuredAPITesting/src/main/resources
2019-08-25 19:58:23,325 [Worker-1] INFO  o.e.m.c.i.embedder.EclipseLogger - Using 'UTF-8' encoding to copy filtered resources.
2019-08-25 19:58:23,326 [Worker-1] INFO  o.e.m.c.i.embedder.EclipseLogger - skip non existing resourceDirectory /Users/sunilrao/Workspace/EclipseWorkspace/JavaWorkSpace/SampleWorkSpace_Common/SamplePrograms/RestAssuredAPITesting/src/test/resources
2019-08-25 19:58:24,038 [Worker-1] INFO  o.e.m.c.i.embedder.EclipseLogger - Using 'UTF-8' encoding to copy filtered resources.
2019-08-25 19:58:24,038 [Worker-1] INFO  o.e.m.c.i.embedder.EclipseLogger - skip non existing resourceDirectory /Users/sunilrao/Workspace/EclipseWorkspace/JavaWorkSpace/SampleWorkSpace_Common/SamplePrograms/Webdriver/src/main/resources
2019-08-25 19:58:24,039 [Worker-1] INFO  o.e.m.c.i.embedder.EclipseLogger - Using 'UTF-8' encoding to copy filtered resources.
2019-08-25 19:58:24,039 [Worker-1] INFO  o.e.m.c.i.embedder.EclipseLogger - skip non existing resourceDirectory /Users/sunilrao/Workspace/EclipseWorkspace/JavaWorkSpace/SampleWorkSpace_Common/SamplePrograms/Webdriver/src/test/resources
2019-08-25 19:58:24,154 [Worker-1] INFO  o.e.m.c.i.embedder.EclipseLogger - Using 'UTF-8' encoding to copy filtered resources.
2019-08-25 19:58:24,154 [Worker-1] INFO  o.e.m.c.i.embedder.EclipseLogger - skip non existing resourceDirectory /Users/sunilrao/Workspace/EclipseWorkspace/JavaWorkSpace/SampleWorkSpace_Common/SamplePrograms/java8Examples/src/main/resources
2019-08-25 19:58:24,155 [Worker-1] INFO  o.e.m.c.i.embedder.EclipseLogger - Using 'UTF-8' encoding to copy filtered resources.
2019-08-25 19:58:24,155 [Worker-1] INFO  o.e.m.c.i.embedder.EclipseLogger - skip non existing resourceDirectory /Users/sunilrao/Workspace/EclipseWorkspace/JavaWorkSpace/SampleWorkSpace_Common/SamplePrograms/java8Examples/src/test/resources
2019-08-25 19:58:24,282 [Worker-1] INFO  o.e.m.c.i.embedder.EclipseLogger - Using 'UTF-8' encoding to copy filtered resources.
2019-08-25 19:58:24,282 [Worker-1] INFO  o.e.m.c.i.embedder.EclipseLogger - skip non existing resourceDirectory /Users/sunilrao/Workspace/EclipseWorkspace/JavaWorkSpace/SampleWorkSpace_Common/SamplePrograms/readingData/src/main/resources
2019-08-25 19:58:24,283 [Worker-1] INFO  o.e.m.c.i.embedder.EclipseLogger - Using 'UTF-8' encoding to copy filtered resources.
2019-08-25 19:58:24,283 [Worker-1] INFO  o.e.m.c.i.embedder.EclipseLogger - skip non existing resourceDirectory /Users/sunilrao/Workspace/EclipseWorkspace/JavaWorkSpace/SampleWorkSpace_Common/SamplePrograms/readingData/src/test/resources
